<?xml version="1.0" encoding="UTF-8"?>
<coverage generated="1556776084680" clover="3.2.0">
  <project timestamp="1556776084681" name="All files">
    <metrics statements="193" coveredstatements="193" conditionals="8" coveredconditionals="8" methods="45" coveredmethods="45" elements="246" coveredelements="246" complexity="0" loc="193" ncloc="193" packages="3" files="4" classes="4"/>
    <package name="01_stacks">
      <metrics statements="17" coveredstatements="17" conditionals="0" coveredconditionals="0" methods="9" coveredmethods="9"/>
      <file name="stack.ts" path="D:\projects\dsAndAlgo\src\datastructures\01_stacks\stack.ts">
        <metrics statements="17" coveredstatements="17" conditionals="0" coveredconditionals="0" methods="9" coveredmethods="9"/>
        <line num="16" count="1" type="stmt"/>
        <line num="17" count="7" type="stmt"/>
        <line num="24" count="1" type="stmt"/>
        <line num="25" count="10" type="stmt"/>
        <line num="31" count="1" type="stmt"/>
        <line num="32" count="1" type="stmt"/>
        <line num="38" count="1" type="stmt"/>
        <line num="39" count="1" type="stmt"/>
        <line num="45" count="1" type="stmt"/>
        <line num="46" count="2" type="stmt"/>
        <line num="52" count="1" type="stmt"/>
        <line num="53" count="1" type="stmt"/>
        <line num="59" count="1" type="stmt"/>
        <line num="60" count="1" type="stmt"/>
        <line num="66" count="1" type="stmt"/>
        <line num="67" count="2" type="stmt"/>
        <line num="69" count="1" type="stmt"/>
      </file>
    </package>
    <package name="02_queues">
      <metrics statements="17" coveredstatements="17" conditionals="0" coveredconditionals="0" methods="9" coveredmethods="9"/>
      <file name="queue.ts" path="D:\projects\dsAndAlgo\src\datastructures\02_queues\queue.ts">
        <metrics statements="17" coveredstatements="17" conditionals="0" coveredconditionals="0" methods="9" coveredmethods="9"/>
        <line num="15" count="1" type="stmt"/>
        <line num="16" count="7" type="stmt"/>
        <line num="23" count="1" type="stmt"/>
        <line num="24" count="11" type="stmt"/>
        <line num="30" count="1" type="stmt"/>
        <line num="31" count="2" type="stmt"/>
        <line num="37" count="1" type="stmt"/>
        <line num="38" count="1" type="stmt"/>
        <line num="44" count="1" type="stmt"/>
        <line num="45" count="1" type="stmt"/>
        <line num="51" count="1" type="stmt"/>
        <line num="52" count="2" type="stmt"/>
        <line num="58" count="1" type="stmt"/>
        <line num="59" count="1" type="stmt"/>
        <line num="65" count="1" type="stmt"/>
        <line num="66" count="2" type="stmt"/>
        <line num="68" count="1" type="stmt"/>
      </file>
    </package>
    <package name="03_linkedLists">
      <metrics statements="159" coveredstatements="159" conditionals="8" coveredconditionals="8" methods="27" coveredmethods="27"/>
      <file name="doubleLinkedLists.ts" path="D:\projects\dsAndAlgo\src\datastructures\03_linkedLists\doubleLinkedLists.ts">
        <metrics statements="84" coveredstatements="84" conditionals="4" coveredconditionals="4" methods="13" coveredmethods="13"/>
        <line num="22" count="1" type="stmt"/>
        <line num="27" count="22" type="stmt"/>
        <line num="28" count="22" type="stmt"/>
        <line num="29" count="22" type="stmt"/>
        <line num="31" count="1" type="stmt"/>
        <line num="33" count="1" type="stmt"/>
        <line num="39" count="9" type="stmt"/>
        <line num="40" count="9" type="stmt"/>
        <line num="46" count="1" type="stmt"/>
        <line num="47" count="5" type="stmt"/>
        <line num="53" count="1" type="stmt"/>
        <line num="54" count="2" type="stmt"/>
        <line num="55" count="2" type="stmt"/>
        <line num="57" count="5" type="stmt"/>
        <line num="58" count="5" type="stmt"/>
        <line num="60" count="2" type="stmt"/>
        <line num="61" count="2" type="stmt"/>
        <line num="67" count="1" type="stmt"/>
        <line num="68" count="1" type="stmt"/>
        <line num="74" count="1" type="stmt"/>
        <line num="75" count="1" type="stmt"/>
        <line num="81" count="1" type="stmt"/>
        <line num="83" count="22" type="stmt"/>
        <line num="84" count="22" type="stmt"/>
        <line num="85" count="22" type="stmt"/>
        <line num="86" count="22" type="stmt"/>
        <line num="90" count="9" type="stmt"/>
        <line num="91" count="9" type="stmt"/>
        <line num="94" count="1" type="stmt"/>
        <line num="95" count="1" type="stmt"/>
        <line num="96" count="1" type="stmt"/>
        <line num="100" count="11" type="stmt"/>
        <line num="101" count="11" type="stmt"/>
        <line num="102" count="11" type="stmt"/>
        <line num="103" count="11" type="stmt"/>
        <line num="107" count="2" type="stmt"/>
        <line num="108" count="2" type="stmt"/>
        <line num="109" count="2" type="stmt"/>
        <line num="111" count="1" type="stmt"/>
        <line num="112" count="1" type="stmt"/>
        <line num="113" count="1" type="stmt"/>
        <line num="114" count="1" type="stmt"/>
        <line num="116" count="22" type="stmt"/>
        <line num="117" count="22" type="stmt"/>
        <line num="119" count="1" type="stmt"/>
        <line num="125" count="1" type="stmt"/>
        <line num="126" count="5" type="stmt"/>
        <line num="127" count="5" type="stmt"/>
        <line num="131" count="3" type="stmt"/>
        <line num="133" count="4" type="stmt"/>
        <line num="134" count="4" type="stmt"/>
        <line num="136" count="2" type="stmt"/>
        <line num="142" count="1" type="stmt"/>
        <line num="144" count="4" type="stmt"/>
        <line num="146" count="2" type="stmt"/>
        <line num="148" count="1" type="stmt"/>
        <line num="151" count="1" type="stmt"/>
        <line num="155" count="1" type="stmt"/>
        <line num="156" count="1" type="stmt"/>
        <line num="157" count="1" type="stmt"/>
        <line num="160" count="1" type="stmt"/>
        <line num="161" count="1" type="stmt"/>
        <line num="164" count="1" type="stmt"/>
        <line num="165" count="1" type="stmt"/>
        <line num="166" count="1" type="stmt"/>
        <line num="168" count="1" type="stmt"/>
        <line num="169" count="1" type="stmt"/>
        <line num="171" count="4" type="stmt"/>
        <line num="172" count="4" type="stmt"/>
        <line num="174" count="2" type="stmt"/>
        <line num="180" count="1" type="stmt"/>
        <line num="181" count="2" type="stmt"/>
        <line num="182" count="2" type="stmt"/>
        <line num="188" count="1" type="stmt"/>
        <line num="189" count="1" type="stmt"/>
        <line num="190" count="1" type="stmt"/>
        <line num="191" count="1" type="stmt"/>
        <line num="194" count="3" type="stmt"/>
        <line num="195" count="3" type="stmt"/>
        <line num="196" count="3" type="stmt"/>
        <line num="197" count="3" type="stmt"/>
        <line num="199" count="1" type="stmt"/>
        <line num="200" count="1" type="stmt"/>
        <line num="202" count="1" type="stmt"/>
      </file>
      <file name="singleLinkedLists.ts" path="D:\projects\dsAndAlgo\src\datastructures\03_linkedLists\singleLinkedLists.ts">
        <metrics statements="75" coveredstatements="75" conditionals="4" coveredconditionals="4" methods="14" coveredmethods="14"/>
        <line num="21" count="1" type="stmt"/>
        <line num="25" count="19" type="stmt"/>
        <line num="26" count="19" type="stmt"/>
        <line num="28" count="1" type="stmt"/>
        <line num="30" count="1" type="stmt"/>
        <line num="35" count="9" type="stmt"/>
        <line num="36" count="9" type="stmt"/>
        <line num="42" count="1" type="stmt"/>
        <line num="43" count="5" type="stmt"/>
        <line num="49" count="1" type="stmt"/>
        <line num="50" count="2" type="stmt"/>
        <line num="51" count="2" type="stmt"/>
        <line num="53" count="5" type="stmt"/>
        <line num="54" count="5" type="stmt"/>
        <line num="56" count="2" type="stmt"/>
        <line num="57" count="2" type="stmt"/>
        <line num="63" count="1" type="stmt"/>
        <line num="64" count="1" type="stmt"/>
        <line num="70" count="1" type="stmt"/>
        <line num="71" count="1" type="stmt"/>
        <line num="77" count="1" type="stmt"/>
        <line num="78" count="17" type="stmt"/>
        <line num="81" count="8" type="stmt"/>
        <line num="84" count="9" type="stmt"/>
        <line num="86" count="3" type="stmt"/>
        <line num="88" count="9" type="stmt"/>
        <line num="90" count="17" type="stmt"/>
        <line num="96" count="1" type="stmt"/>
        <line num="98" count="2" type="stmt"/>
        <line num="99" count="2" type="stmt"/>
        <line num="100" count="2" type="stmt"/>
        <line num="101" count="2" type="stmt"/>
        <line num="104" count="1" type="stmt"/>
        <line num="105" count="1" type="stmt"/>
        <line num="109" count="1" type="stmt"/>
        <line num="110" count="1" type="stmt"/>
        <line num="111" count="1" type="stmt"/>
        <line num="113" count="1" type="stmt"/>
        <line num="114" count="1" type="stmt"/>
        <line num="116" count="2" type="stmt"/>
        <line num="117" count="2" type="stmt"/>
        <line num="119" count="1" type="stmt"/>
        <line num="125" count="1" type="stmt"/>
        <line num="126" count="5" type="stmt"/>
        <line num="127" count="5" type="stmt"/>
        <line num="131" count="3" type="stmt"/>
        <line num="133" count="4" type="stmt"/>
        <line num="134" count="4" type="stmt"/>
        <line num="136" count="2" type="stmt"/>
        <line num="142" count="1" type="stmt"/>
        <line num="144" count="3" type="stmt"/>
        <line num="146" count="2" type="stmt"/>
        <line num="149" count="1" type="stmt"/>
        <line num="150" count="1" type="stmt"/>
        <line num="153" count="1" type="stmt"/>
        <line num="154" count="1" type="stmt"/>
        <line num="155" count="1" type="stmt"/>
        <line num="157" count="1" type="stmt"/>
        <line num="159" count="3" type="stmt"/>
        <line num="160" count="3" type="stmt"/>
        <line num="162" count="2" type="stmt"/>
        <line num="168" count="1" type="stmt"/>
        <line num="169" count="2" type="stmt"/>
        <line num="170" count="2" type="stmt"/>
        <line num="176" count="1" type="stmt"/>
        <line num="177" count="1" type="stmt"/>
        <line num="178" count="1" type="stmt"/>
        <line num="179" count="1" type="stmt"/>
        <line num="182" count="3" type="stmt"/>
        <line num="183" count="3" type="stmt"/>
        <line num="184" count="3" type="stmt"/>
        <line num="185" count="3" type="stmt"/>
        <line num="187" count="1" type="stmt"/>
        <line num="188" count="1" type="stmt"/>
        <line num="190" count="1" type="stmt"/>
      </file>
    </package>
  </project>
</coverage>
