{"D:\\projects\\dsAndAlgo\\src\\datastructures\\01_stacks\\stack.ts": {"path":"D:\\projects\\dsAndAlgo\\src\\datastructures\\01_stacks\\stack.ts","statementMap":{"0":{"start":{"line":16,"column":0},"end":{"line":16,"column":null}},"1":{"start":{"line":17,"column":12},"end":{"line":17,"column":32}},"2":{"start":{"line":24,"column":11},"end":{"line":26,"column":null}},"3":{"start":{"line":25,"column":8},"end":{"line":25,"column":33}},"4":{"start":{"line":31,"column":11},"end":{"line":33,"column":null}},"5":{"start":{"line":32,"column":8},"end":{"line":32,"column":34}},"6":{"start":{"line":38,"column":11},"end":{"line":40,"column":null}},"7":{"start":{"line":39,"column":8},"end":{"line":39,"column":53}},"8":{"start":{"line":45,"column":11},"end":{"line":47,"column":null}},"9":{"start":{"line":46,"column":8},"end":{"line":46,"column":43}},"10":{"start":{"line":52,"column":11},"end":{"line":54,"column":null}},"11":{"start":{"line":53,"column":8},"end":{"line":53,"column":35}},"12":{"start":{"line":59,"column":11},"end":{"line":61,"column":null}},"13":{"start":{"line":60,"column":8},"end":{"line":60,"column":26}},"14":{"start":{"line":66,"column":11},"end":{"line":68,"column":null}},"15":{"start":{"line":67,"column":8},"end":{"line":67,"column":39}},"16":{"start":{"line":69,"column":0},"end":{"line":69,"column":null}}},"fnMap":{"0":{"name":"(anonymous_0)","decl":{"start":{"line":16,"column":0},"end":{"line":16,"column":null}},"loc":{"start":{"line":16,"column":0},"end":{"line":69,"column":null}}},"1":{"name":"Stack","decl":{"start":{"line":19,"column":4},"end":{"line":19,"column":19}},"loc":{"start":{"line":19,"column":4},"end":{"line":19,"column":20}}},"2":{"name":"(anonymous_2)","decl":{"start":{"line":24,"column":4},"end":{"line":24,"column":11}},"loc":{"start":{"line":24,"column":26},"end":{"line":26,"column":5}}},"3":{"name":"(anonymous_3)","decl":{"start":{"line":31,"column":4},"end":{"line":31,"column":11}},"loc":{"start":{"line":31,"column":4},"end":{"line":33,"column":5}}},"4":{"name":"(anonymous_4)","decl":{"start":{"line":38,"column":4},"end":{"line":38,"column":11}},"loc":{"start":{"line":38,"column":4},"end":{"line":40,"column":5}}},"5":{"name":"(anonymous_5)","decl":{"start":{"line":45,"column":4},"end":{"line":45,"column":11}},"loc":{"start":{"line":45,"column":4},"end":{"line":47,"column":5}}},"6":{"name":"(anonymous_6)","decl":{"start":{"line":52,"column":4},"end":{"line":52,"column":11}},"loc":{"start":{"line":52,"column":4},"end":{"line":54,"column":5}}},"7":{"name":"(anonymous_7)","decl":{"start":{"line":59,"column":4},"end":{"line":59,"column":11}},"loc":{"start":{"line":59,"column":4},"end":{"line":61,"column":5}}},"8":{"name":"(anonymous_8)","decl":{"start":{"line":66,"column":4},"end":{"line":66,"column":11}},"loc":{"start":{"line":66,"column":4},"end":{"line":68,"column":5}}}},"branchMap":{},"s":{"0":1,"1":7,"2":1,"3":10,"4":1,"5":1,"6":1,"7":1,"8":1,"9":2,"10":1,"11":1,"12":1,"13":1,"14":1,"15":2,"16":1},"f":{"0":1,"1":7,"2":10,"3":1,"4":1,"5":2,"6":1,"7":1,"8":2},"b":{}}
,"D:\\projects\\dsAndAlgo\\src\\datastructures\\02_queues\\queue.ts": {"path":"D:\\projects\\dsAndAlgo\\src\\datastructures\\02_queues\\queue.ts","statementMap":{"0":{"start":{"line":15,"column":0},"end":{"line":15,"column":null}},"1":{"start":{"line":16,"column":12},"end":{"line":16,"column":32}},"2":{"start":{"line":23,"column":11},"end":{"line":25,"column":null}},"3":{"start":{"line":24,"column":8},"end":{"line":24,"column":33}},"4":{"start":{"line":30,"column":11},"end":{"line":32,"column":null}},"5":{"start":{"line":31,"column":8},"end":{"line":31,"column":36}},"6":{"start":{"line":37,"column":11},"end":{"line":39,"column":null}},"7":{"start":{"line":38,"column":8},"end":{"line":38,"column":53}},"8":{"start":{"line":44,"column":11},"end":{"line":46,"column":null}},"9":{"start":{"line":45,"column":8},"end":{"line":45,"column":31}},"10":{"start":{"line":51,"column":11},"end":{"line":53,"column":null}},"11":{"start":{"line":52,"column":8},"end":{"line":52,"column":41}},"12":{"start":{"line":58,"column":11},"end":{"line":60,"column":null}},"13":{"start":{"line":59,"column":8},"end":{"line":59,"column":26}},"14":{"start":{"line":65,"column":11},"end":{"line":67,"column":null}},"15":{"start":{"line":66,"column":8},"end":{"line":66,"column":39}},"16":{"start":{"line":68,"column":0},"end":{"line":68,"column":null}}},"fnMap":{"0":{"name":"(anonymous_0)","decl":{"start":{"line":15,"column":0},"end":{"line":15,"column":null}},"loc":{"start":{"line":15,"column":0},"end":{"line":68,"column":null}}},"1":{"name":"Queue","decl":{"start":{"line":18,"column":4},"end":{"line":18,"column":19}},"loc":{"start":{"line":18,"column":4},"end":{"line":18,"column":20}}},"2":{"name":"(anonymous_2)","decl":{"start":{"line":23,"column":4},"end":{"line":23,"column":11}},"loc":{"start":{"line":23,"column":29},"end":{"line":25,"column":5}}},"3":{"name":"(anonymous_3)","decl":{"start":{"line":30,"column":4},"end":{"line":30,"column":11}},"loc":{"start":{"line":30,"column":4},"end":{"line":32,"column":5}}},"4":{"name":"(anonymous_4)","decl":{"start":{"line":37,"column":4},"end":{"line":37,"column":11}},"loc":{"start":{"line":37,"column":4},"end":{"line":39,"column":5}}},"5":{"name":"(anonymous_5)","decl":{"start":{"line":44,"column":4},"end":{"line":44,"column":11}},"loc":{"start":{"line":44,"column":4},"end":{"line":46,"column":5}}},"6":{"name":"(anonymous_6)","decl":{"start":{"line":51,"column":4},"end":{"line":51,"column":11}},"loc":{"start":{"line":51,"column":4},"end":{"line":53,"column":5}}},"7":{"name":"(anonymous_7)","decl":{"start":{"line":58,"column":4},"end":{"line":58,"column":11}},"loc":{"start":{"line":58,"column":4},"end":{"line":60,"column":5}}},"8":{"name":"(anonymous_8)","decl":{"start":{"line":65,"column":4},"end":{"line":65,"column":11}},"loc":{"start":{"line":65,"column":4},"end":{"line":67,"column":5}}}},"branchMap":{},"s":{"0":1,"1":7,"2":1,"3":11,"4":1,"5":2,"6":1,"7":1,"8":1,"9":1,"10":1,"11":2,"12":1,"13":1,"14":1,"15":2,"16":1},"f":{"0":1,"1":7,"2":11,"3":2,"4":1,"5":1,"6":2,"7":1,"8":2},"b":{}}
,"D:\\projects\\dsAndAlgo\\src\\datastructures\\03_linkedLists\\doubleLinkedLists.ts": {"path":"D:\\projects\\dsAndAlgo\\src\\datastructures\\03_linkedLists\\doubleLinkedLists.ts","statementMap":{"0":{"start":{"line":22,"column":0},"end":{"line":22,"column":null}},"1":{"start":{"line":27,"column":8},"end":{"line":27,"column":25}},"2":{"start":{"line":28,"column":8},"end":{"line":28,"column":25}},"3":{"start":{"line":29,"column":8},"end":{"line":29,"column":25}},"4":{"start":{"line":31,"column":0},"end":{"line":31,"column":null}},"5":{"start":{"line":33,"column":0},"end":{"line":33,"column":13}},"6":{"start":{"line":39,"column":8},"end":{"line":39,"column":25}},"7":{"start":{"line":40,"column":8},"end":{"line":40,"column":24}},"8":{"start":{"line":46,"column":11},"end":{"line":48,"column":null}},"9":{"start":{"line":47,"column":8},"end":{"line":47,"column":27}},"10":{"start":{"line":53,"column":11},"end":{"line":62,"column":null}},"11":{"start":{"line":54,"column":29},"end":{"line":54,"column":31}},"12":{"start":{"line":55,"column":29},"end":{"line":55,"column":38}},"13":{"start":{"line":57,"column":12},"end":{"line":57,"column":42}},"14":{"start":{"line":58,"column":12},"end":{"line":58,"column":35}},"15":{"start":{"line":60,"column":8},"end":{"line":60,"column":62}},"16":{"start":{"line":61,"column":8},"end":{"line":61,"column":22}},"17":{"start":{"line":67,"column":11},"end":{"line":69,"column":null}},"18":{"start":{"line":68,"column":8},"end":{"line":68,"column":33}},"19":{"start":{"line":74,"column":11},"end":{"line":76,"column":null}},"20":{"start":{"line":75,"column":8},"end":{"line":75,"column":25}},"21":{"start":{"line":81,"column":11},"end":{"line":120,"column":null}},"22":{"start":{"line":83,"column":33},"end":{"line":83,"column":47}},"23":{"start":{"line":84,"column":33},"end":{"line":84,"column":42}},"24":{"start":{"line":85,"column":24},"end":{"line":85,"column":31}},"25":{"start":{"line":86,"column":24},"end":{"line":86,"column":25}},"26":{"start":{"line":90,"column":20},"end":{"line":90,"column":40}},"27":{"start":{"line":91,"column":20},"end":{"line":91,"column":40}},"28":{"start":{"line":94,"column":20},"end":{"line":94,"column":43}},"29":{"start":{"line":95,"column":20},"end":{"line":95,"column":43}},"30":{"start":{"line":96,"column":20},"end":{"line":96,"column":40}},"31":{"start":{"line":100,"column":16},"end":{"line":100,"column":36}},"32":{"start":{"line":101,"column":16},"end":{"line":101,"column":39}},"33":{"start":{"line":102,"column":16},"end":{"line":102,"column":39}},"34":{"start":{"line":103,"column":16},"end":{"line":103,"column":36}},"35":{"start":{"line":107,"column":20},"end":{"line":107,"column":39}},"36":{"start":{"line":108,"column":20},"end":{"line":108,"column":43}},"37":{"start":{"line":109,"column":20},"end":{"line":109,"column":28}},"38":{"start":{"line":111,"column":16},"end":{"line":111,"column":39}},"39":{"start":{"line":112,"column":16},"end":{"line":112,"column":40}},"40":{"start":{"line":113,"column":16},"end":{"line":113,"column":39}},"41":{"start":{"line":114,"column":16},"end":{"line":114,"column":40}},"42":{"start":{"line":116,"column":12},"end":{"line":116,"column":26}},"43":{"start":{"line":117,"column":12},"end":{"line":117,"column":24}},"44":{"start":{"line":119,"column":8},"end":{"line":119,"column":21}},"45":{"start":{"line":125,"column":11},"end":{"line":137,"column":null}},"46":{"start":{"line":126,"column":28},"end":{"line":126,"column":29}},"47":{"start":{"line":127,"column":29},"end":{"line":127,"column":38}},"48":{"start":{"line":131,"column":16},"end":{"line":131,"column":29}},"49":{"start":{"line":133,"column":12},"end":{"line":133,"column":20}},"50":{"start":{"line":134,"column":12},"end":{"line":134,"column":35}},"51":{"start":{"line":136,"column":8},"end":{"line":136,"column":18}},"52":{"start":{"line":142,"column":11},"end":{"line":175,"column":null}},"53":{"start":{"line":144,"column":33},"end":{"line":144,"column":42}},"54":{"start":{"line":146,"column":16},"end":{"line":146,"column":41}},"55":{"start":{"line":148,"column":20},"end":{"line":148,"column":37}},"56":{"start":{"line":151,"column":20},"end":{"line":151,"column":42}},"57":{"start":{"line":155,"column":16},"end":{"line":155,"column":36}},"58":{"start":{"line":156,"column":16},"end":{"line":156,"column":41}},"59":{"start":{"line":157,"column":16},"end":{"line":157,"column":38}},"60":{"start":{"line":160,"column":36},"end":{"line":160,"column":37}},"61":{"start":{"line":161,"column":28},"end":{"line":161,"column":35}},"62":{"start":{"line":164,"column":20},"end":{"line":164,"column":39}},"63":{"start":{"line":165,"column":20},"end":{"line":165,"column":43}},"64":{"start":{"line":166,"column":20},"end":{"line":166,"column":28}},"65":{"start":{"line":168,"column":16},"end":{"line":168,"column":45}},"66":{"start":{"line":169,"column":16},"end":{"line":169,"column":45}},"67":{"start":{"line":171,"column":12},"end":{"line":171,"column":26}},"68":{"start":{"line":172,"column":12},"end":{"line":172,"column":32}},"69":{"start":{"line":174,"column":8},"end":{"line":174,"column":20}},"70":{"start":{"line":180,"column":11},"end":{"line":183,"column":null}},"71":{"start":{"line":181,"column":28},"end":{"line":181,"column":46}},"72":{"start":{"line":182,"column":8},"end":{"line":182,"column":36}},"73":{"start":{"line":188,"column":11},"end":{"line":201,"column":null}},"74":{"start":{"line":189,"column":29},"end":{"line":189,"column":38}},"75":{"start":{"line":190,"column":30},"end":{"line":190,"column":34}},"76":{"start":{"line":191,"column":26},"end":{"line":191,"column":30}},"77":{"start":{"line":194,"column":12},"end":{"line":194,"column":32}},"78":{"start":{"line":195,"column":12},"end":{"line":195,"column":36}},"79":{"start":{"line":196,"column":12},"end":{"line":196,"column":31}},"80":{"start":{"line":197,"column":12},"end":{"line":197,"column":27}},"81":{"start":{"line":199,"column":8},"end":{"line":199,"column":29}},"82":{"start":{"line":200,"column":8},"end":{"line":200,"column":25}},"83":{"start":{"line":202,"column":0},"end":{"line":202,"column":null}},"84":{"start":{"line":33,"column":13},"end":{"line":33,"column":29}}},"fnMap":{"0":{"name":"(anonymous_0)","decl":{"start":{"line":22,"column":0},"end":{"line":22,"column":null}},"loc":{"start":{"line":22,"column":0},"end":{"line":31,"column":null}}},"1":{"name":"Node","decl":{"start":{"line":26,"column":4},"end":{"line":26,"column":16}},"loc":{"start":{"line":26,"column":25},"end":{"line":30,"column":5}}},"2":{"name":"(anonymous_2)","decl":{"start":{"line":33,"column":0},"end":{"line":33,"column":13}},"loc":{"start":{"line":33,"column":0},"end":{"line":202,"column":null}}},"3":{"name":"DoubleLinkedList","decl":{"start":{"line":38,"column":4},"end":{"line":38,"column":null}},"loc":{"start":{"line":38,"column":4},"end":{"line":41,"column":5}}},"4":{"name":"(anonymous_4)","decl":{"start":{"line":46,"column":4},"end":{"line":46,"column":11}},"loc":{"start":{"line":46,"column":4},"end":{"line":48,"column":5}}},"5":{"name":"(anonymous_5)","decl":{"start":{"line":53,"column":4},"end":{"line":53,"column":11}},"loc":{"start":{"line":53,"column":4},"end":{"line":62,"column":5}}},"6":{"name":"(anonymous_6)","decl":{"start":{"line":67,"column":4},"end":{"line":67,"column":11}},"loc":{"start":{"line":67,"column":4},"end":{"line":69,"column":5}}},"7":{"name":"(anonymous_7)","decl":{"start":{"line":74,"column":4},"end":{"line":74,"column":11}},"loc":{"start":{"line":74,"column":4},"end":{"line":76,"column":5}}},"8":{"name":"(anonymous_8)","decl":{"start":{"line":81,"column":4},"end":{"line":81,"column":11}},"loc":{"start":{"line":81,"column":42},"end":{"line":120,"column":5}}},"9":{"name":"(anonymous_9)","decl":{"start":{"line":125,"column":4},"end":{"line":125,"column":11}},"loc":{"start":{"line":125,"column":28},"end":{"line":137,"column":5}}},"10":{"name":"(anonymous_10)","decl":{"start":{"line":142,"column":4},"end":{"line":142,"column":11}},"loc":{"start":{"line":142,"column":33},"end":{"line":175,"column":5}}},"11":{"name":"(anonymous_11)","decl":{"start":{"line":180,"column":4},"end":{"line":180,"column":11}},"loc":{"start":{"line":180,"column":27},"end":{"line":183,"column":5}}},"12":{"name":"(anonymous_12)","decl":{"start":{"line":188,"column":4},"end":{"line":188,"column":11}},"loc":{"start":{"line":188,"column":4},"end":{"line":201,"column":5}}}},"branchMap":{"0":{"loc":{"start":{"line":82,"column":12},"end":{"line":82,"column":22}},"type":"binary-expr","locations":[{"start":{"line":82,"column":12},"end":{"line":82,"column":22}},{"start":{"line":82,"column":26},"end":{"line":82,"column":46}}]},"1":{"loc":{"start":{"line":143,"column":12},"end":{"line":143,"column":22}},"type":"binary-expr","locations":[{"start":{"line":143,"column":12},"end":{"line":143,"column":22}},{"start":{"line":143,"column":26},"end":{"line":143,"column":45}}]}},"s":{"0":1,"1":22,"2":22,"3":22,"4":1,"5":1,"6":9,"7":9,"8":1,"9":5,"10":1,"11":2,"12":2,"13":5,"14":5,"15":2,"16":2,"17":1,"18":1,"19":1,"20":1,"21":1,"22":22,"23":22,"24":22,"25":22,"26":9,"27":9,"28":1,"29":1,"30":1,"31":11,"32":11,"33":11,"34":11,"35":2,"36":2,"37":2,"38":1,"39":1,"40":1,"41":1,"42":22,"43":22,"44":1,"45":1,"46":5,"47":5,"48":3,"49":4,"50":4,"51":2,"52":1,"53":4,"54":2,"55":1,"56":1,"57":1,"58":1,"59":1,"60":1,"61":1,"62":1,"63":1,"64":1,"65":1,"66":1,"67":4,"68":4,"69":2,"70":1,"71":2,"72":2,"73":1,"74":1,"75":1,"76":1,"77":3,"78":3,"79":3,"80":3,"81":1,"82":1,"83":1,"84":1},"f":{"0":1,"1":22,"2":1,"3":9,"4":5,"5":2,"6":1,"7":1,"8":23,"9":5,"10":6,"11":2,"12":1},"b":{"0":[23,23],"1":[6,4]}}
,"D:\\projects\\dsAndAlgo\\src\\datastructures\\03_linkedLists\\singleLinkedLists.ts": {"path":"D:\\projects\\dsAndAlgo\\src\\datastructures\\03_linkedLists\\singleLinkedLists.ts","statementMap":{"0":{"start":{"line":21,"column":0},"end":{"line":21,"column":null}},"1":{"start":{"line":25,"column":8},"end":{"line":25,"column":25}},"2":{"start":{"line":26,"column":8},"end":{"line":26,"column":25}},"3":{"start":{"line":28,"column":0},"end":{"line":28,"column":null}},"4":{"start":{"line":30,"column":0},"end":{"line":30,"column":13}},"5":{"start":{"line":35,"column":8},"end":{"line":35,"column":25}},"6":{"start":{"line":36,"column":8},"end":{"line":36,"column":24}},"7":{"start":{"line":42,"column":11},"end":{"line":44,"column":null}},"8":{"start":{"line":43,"column":8},"end":{"line":43,"column":27}},"9":{"start":{"line":49,"column":11},"end":{"line":58,"column":null}},"10":{"start":{"line":50,"column":29},"end":{"line":50,"column":31}},"11":{"start":{"line":51,"column":29},"end":{"line":51,"column":38}},"12":{"start":{"line":53,"column":12},"end":{"line":53,"column":42}},"13":{"start":{"line":54,"column":12},"end":{"line":54,"column":35}},"14":{"start":{"line":56,"column":8},"end":{"line":56,"column":62}},"15":{"start":{"line":57,"column":8},"end":{"line":57,"column":22}},"16":{"start":{"line":63,"column":11},"end":{"line":65,"column":null}},"17":{"start":{"line":64,"column":8},"end":{"line":64,"column":33}},"18":{"start":{"line":70,"column":11},"end":{"line":72,"column":null}},"19":{"start":{"line":71,"column":8},"end":{"line":71,"column":25}},"20":{"start":{"line":77,"column":11},"end":{"line":91,"column":null}},"21":{"start":{"line":78,"column":28},"end":{"line":78,"column":42}},"22":{"start":{"line":81,"column":12},"end":{"line":81,"column":32}},"23":{"start":{"line":84,"column":33},"end":{"line":84,"column":42}},"24":{"start":{"line":86,"column":16},"end":{"line":86,"column":39}},"25":{"start":{"line":88,"column":12},"end":{"line":88,"column":35}},"26":{"start":{"line":90,"column":8},"end":{"line":90,"column":22}},"27":{"start":{"line":96,"column":11},"end":{"line":120,"column":null}},"28":{"start":{"line":98,"column":33},"end":{"line":98,"column":47}},"29":{"start":{"line":99,"column":33},"end":{"line":99,"column":42}},"30":{"start":{"line":100,"column":24},"end":{"line":100,"column":31}},"31":{"start":{"line":101,"column":24},"end":{"line":101,"column":25}},"32":{"start":{"line":104,"column":16},"end":{"line":104,"column":39}},"33":{"start":{"line":105,"column":16},"end":{"line":105,"column":36}},"34":{"start":{"line":109,"column":20},"end":{"line":109,"column":39}},"35":{"start":{"line":110,"column":20},"end":{"line":110,"column":43}},"36":{"start":{"line":111,"column":20},"end":{"line":111,"column":28}},"37":{"start":{"line":113,"column":16},"end":{"line":113,"column":39}},"38":{"start":{"line":114,"column":16},"end":{"line":114,"column":40}},"39":{"start":{"line":116,"column":12},"end":{"line":116,"column":26}},"40":{"start":{"line":117,"column":12},"end":{"line":117,"column":24}},"41":{"start":{"line":119,"column":8},"end":{"line":119,"column":21}},"42":{"start":{"line":125,"column":11},"end":{"line":137,"column":null}},"43":{"start":{"line":126,"column":28},"end":{"line":126,"column":29}},"44":{"start":{"line":127,"column":29},"end":{"line":127,"column":38}},"45":{"start":{"line":131,"column":16},"end":{"line":131,"column":29}},"46":{"start":{"line":133,"column":12},"end":{"line":133,"column":20}},"47":{"start":{"line":134,"column":12},"end":{"line":134,"column":35}},"48":{"start":{"line":136,"column":8},"end":{"line":136,"column":18}},"49":{"start":{"line":142,"column":11},"end":{"line":163,"column":null}},"50":{"start":{"line":144,"column":33},"end":{"line":144,"column":42}},"51":{"start":{"line":146,"column":16},"end":{"line":146,"column":41}},"52":{"start":{"line":149,"column":36},"end":{"line":149,"column":37}},"53":{"start":{"line":150,"column":28},"end":{"line":150,"column":35}},"54":{"start":{"line":153,"column":20},"end":{"line":153,"column":39}},"55":{"start":{"line":154,"column":20},"end":{"line":154,"column":43}},"56":{"start":{"line":155,"column":20},"end":{"line":155,"column":28}},"57":{"start":{"line":157,"column":16},"end":{"line":157,"column":45}},"58":{"start":{"line":159,"column":12},"end":{"line":159,"column":26}},"59":{"start":{"line":160,"column":12},"end":{"line":160,"column":32}},"60":{"start":{"line":162,"column":8},"end":{"line":162,"column":20}},"61":{"start":{"line":168,"column":11},"end":{"line":171,"column":null}},"62":{"start":{"line":169,"column":28},"end":{"line":169,"column":46}},"63":{"start":{"line":170,"column":8},"end":{"line":170,"column":36}},"64":{"start":{"line":176,"column":11},"end":{"line":189,"column":null}},"65":{"start":{"line":177,"column":29},"end":{"line":177,"column":38}},"66":{"start":{"line":178,"column":30},"end":{"line":178,"column":34}},"67":{"start":{"line":179,"column":26},"end":{"line":179,"column":30}},"68":{"start":{"line":182,"column":12},"end":{"line":182,"column":32}},"69":{"start":{"line":183,"column":12},"end":{"line":183,"column":36}},"70":{"start":{"line":184,"column":12},"end":{"line":184,"column":31}},"71":{"start":{"line":185,"column":12},"end":{"line":185,"column":27}},"72":{"start":{"line":187,"column":8},"end":{"line":187,"column":29}},"73":{"start":{"line":188,"column":8},"end":{"line":188,"column":25}},"74":{"start":{"line":190,"column":0},"end":{"line":190,"column":null}},"75":{"start":{"line":30,"column":13},"end":{"line":30,"column":29}}},"fnMap":{"0":{"name":"(anonymous_0)","decl":{"start":{"line":21,"column":0},"end":{"line":21,"column":null}},"loc":{"start":{"line":21,"column":0},"end":{"line":28,"column":null}}},"1":{"name":"Node","decl":{"start":{"line":24,"column":4},"end":{"line":24,"column":16}},"loc":{"start":{"line":24,"column":25},"end":{"line":27,"column":5}}},"2":{"name":"(anonymous_2)","decl":{"start":{"line":30,"column":0},"end":{"line":30,"column":13}},"loc":{"start":{"line":30,"column":0},"end":{"line":190,"column":null}}},"3":{"name":"SingleLinkedList","decl":{"start":{"line":34,"column":4},"end":{"line":34,"column":null}},"loc":{"start":{"line":34,"column":4},"end":{"line":37,"column":5}}},"4":{"name":"(anonymous_4)","decl":{"start":{"line":42,"column":4},"end":{"line":42,"column":11}},"loc":{"start":{"line":42,"column":4},"end":{"line":44,"column":5}}},"5":{"name":"(anonymous_5)","decl":{"start":{"line":49,"column":4},"end":{"line":49,"column":11}},"loc":{"start":{"line":49,"column":4},"end":{"line":58,"column":5}}},"6":{"name":"(anonymous_6)","decl":{"start":{"line":63,"column":4},"end":{"line":63,"column":11}},"loc":{"start":{"line":63,"column":4},"end":{"line":65,"column":5}}},"7":{"name":"(anonymous_7)","decl":{"start":{"line":70,"column":4},"end":{"line":70,"column":11}},"loc":{"start":{"line":70,"column":4},"end":{"line":72,"column":5}}},"8":{"name":"(anonymous_8)","decl":{"start":{"line":77,"column":4},"end":{"line":77,"column":11}},"loc":{"start":{"line":77,"column":27},"end":{"line":91,"column":5}}},"9":{"name":"(anonymous_9)","decl":{"start":{"line":96,"column":4},"end":{"line":96,"column":11}},"loc":{"start":{"line":96,"column":42},"end":{"line":120,"column":5}}},"10":{"name":"(anonymous_10)","decl":{"start":{"line":125,"column":4},"end":{"line":125,"column":11}},"loc":{"start":{"line":125,"column":28},"end":{"line":137,"column":5}}},"11":{"name":"(anonymous_11)","decl":{"start":{"line":142,"column":4},"end":{"line":142,"column":11}},"loc":{"start":{"line":142,"column":33},"end":{"line":163,"column":5}}},"12":{"name":"(anonymous_12)","decl":{"start":{"line":168,"column":4},"end":{"line":168,"column":11}},"loc":{"start":{"line":168,"column":27},"end":{"line":171,"column":5}}},"13":{"name":"(anonymous_13)","decl":{"start":{"line":176,"column":4},"end":{"line":176,"column":11}},"loc":{"start":{"line":176,"column":4},"end":{"line":189,"column":5}}}},"branchMap":{"0":{"loc":{"start":{"line":97,"column":12},"end":{"line":97,"column":22}},"type":"binary-expr","locations":[{"start":{"line":97,"column":12},"end":{"line":97,"column":22}},{"start":{"line":97,"column":26},"end":{"line":97,"column":46}}]},"1":{"loc":{"start":{"line":143,"column":12},"end":{"line":143,"column":22}},"type":"binary-expr","locations":[{"start":{"line":143,"column":12},"end":{"line":143,"column":22}},{"start":{"line":143,"column":26},"end":{"line":143,"column":45}}]}},"s":{"0":1,"1":19,"2":19,"3":1,"4":1,"5":9,"6":9,"7":1,"8":5,"9":1,"10":2,"11":2,"12":5,"13":5,"14":2,"15":2,"16":1,"17":1,"18":1,"19":1,"20":1,"21":17,"22":8,"23":9,"24":3,"25":9,"26":17,"27":1,"28":2,"29":2,"30":2,"31":2,"32":1,"33":1,"34":1,"35":1,"36":1,"37":1,"38":1,"39":2,"40":2,"41":1,"42":1,"43":5,"44":5,"45":3,"46":4,"47":4,"48":2,"49":1,"50":3,"51":2,"52":1,"53":1,"54":1,"55":1,"56":1,"57":1,"58":3,"59":3,"60":2,"61":1,"62":2,"63":2,"64":1,"65":1,"66":1,"67":1,"68":3,"69":3,"70":3,"71":3,"72":1,"73":1,"74":1,"75":1},"f":{"0":1,"1":19,"2":1,"3":9,"4":5,"5":2,"6":1,"7":1,"8":17,"9":3,"10":5,"11":5,"12":2,"13":1},"b":{"0":[3,3],"1":[5,3]}}
}
