TN:
SF:D:\projects\dsAndAlgo\src\datastructures\01_stacks\stack.ts
FN:16,(anonymous_0)
FN:19,Stack
FN:24,(anonymous_2)
FN:31,(anonymous_3)
FN:38,(anonymous_4)
FN:45,(anonymous_5)
FN:52,(anonymous_6)
FN:59,(anonymous_7)
FN:66,(anonymous_8)
FNF:9
FNH:9
FNDA:1,(anonymous_0)
FNDA:7,Stack
FNDA:10,(anonymous_2)
FNDA:1,(anonymous_3)
FNDA:1,(anonymous_4)
FNDA:2,(anonymous_5)
FNDA:1,(anonymous_6)
FNDA:1,(anonymous_7)
FNDA:2,(anonymous_8)
DA:16,1
DA:17,7
DA:24,1
DA:25,10
DA:31,1
DA:32,1
DA:38,1
DA:39,1
DA:45,1
DA:46,2
DA:52,1
DA:53,1
DA:59,1
DA:60,1
DA:66,1
DA:67,2
DA:69,1
LF:17
LH:17
BRF:0
BRH:0
end_of_record
TN:
SF:D:\projects\dsAndAlgo\src\datastructures\02_queues\queue.ts
FN:15,(anonymous_0)
FN:18,Queue
FN:23,(anonymous_2)
FN:30,(anonymous_3)
FN:37,(anonymous_4)
FN:44,(anonymous_5)
FN:51,(anonymous_6)
FN:58,(anonymous_7)
FN:65,(anonymous_8)
FNF:9
FNH:9
FNDA:1,(anonymous_0)
FNDA:7,Queue
FNDA:11,(anonymous_2)
FNDA:2,(anonymous_3)
FNDA:1,(anonymous_4)
FNDA:1,(anonymous_5)
FNDA:2,(anonymous_6)
FNDA:1,(anonymous_7)
FNDA:2,(anonymous_8)
DA:15,1
DA:16,7
DA:23,1
DA:24,11
DA:30,1
DA:31,2
DA:37,1
DA:38,1
DA:44,1
DA:45,1
DA:51,1
DA:52,2
DA:58,1
DA:59,1
DA:65,1
DA:66,2
DA:68,1
LF:17
LH:17
BRF:0
BRH:0
end_of_record
TN:
SF:D:\projects\dsAndAlgo\src\datastructures\03_linkedLists\doubleLinkedLists.ts
FN:22,(anonymous_0)
FN:26,Node
FN:33,(anonymous_2)
FN:38,DoubleLinkedList
FN:46,(anonymous_4)
FN:53,(anonymous_5)
FN:67,(anonymous_6)
FN:74,(anonymous_7)
FN:81,(anonymous_8)
FN:125,(anonymous_9)
FN:142,(anonymous_10)
FN:180,(anonymous_11)
FN:188,(anonymous_12)
FNF:13
FNH:13
FNDA:1,(anonymous_0)
FNDA:22,Node
FNDA:1,(anonymous_2)
FNDA:9,DoubleLinkedList
FNDA:5,(anonymous_4)
FNDA:2,(anonymous_5)
FNDA:1,(anonymous_6)
FNDA:1,(anonymous_7)
FNDA:23,(anonymous_8)
FNDA:5,(anonymous_9)
FNDA:6,(anonymous_10)
FNDA:2,(anonymous_11)
FNDA:1,(anonymous_12)
DA:22,1
DA:27,22
DA:28,22
DA:29,22
DA:31,1
DA:33,1
DA:39,9
DA:40,9
DA:46,1
DA:47,5
DA:53,1
DA:54,2
DA:55,2
DA:57,5
DA:58,5
DA:60,2
DA:61,2
DA:67,1
DA:68,1
DA:74,1
DA:75,1
DA:81,1
DA:83,22
DA:84,22
DA:85,22
DA:86,22
DA:90,9
DA:91,9
DA:94,1
DA:95,1
DA:96,1
DA:100,11
DA:101,11
DA:102,11
DA:103,11
DA:107,2
DA:108,2
DA:109,2
DA:111,1
DA:112,1
DA:113,1
DA:114,1
DA:116,22
DA:117,22
DA:119,1
DA:125,1
DA:126,5
DA:127,5
DA:131,3
DA:133,4
DA:134,4
DA:136,2
DA:142,1
DA:144,4
DA:146,2
DA:148,1
DA:151,1
DA:155,1
DA:156,1
DA:157,1
DA:160,1
DA:161,1
DA:164,1
DA:165,1
DA:166,1
DA:168,1
DA:169,1
DA:171,4
DA:172,4
DA:174,2
DA:180,1
DA:181,2
DA:182,2
DA:188,1
DA:189,1
DA:190,1
DA:191,1
DA:194,3
DA:195,3
DA:196,3
DA:197,3
DA:199,1
DA:200,1
DA:202,1
LF:84
LH:84
BRDA:82,0,0,23
BRDA:82,0,1,23
BRDA:143,1,0,6
BRDA:143,1,1,4
BRF:4
BRH:4
end_of_record
TN:
SF:D:\projects\dsAndAlgo\src\datastructures\03_linkedLists\singleLinkedLists.ts
FN:21,(anonymous_0)
FN:24,Node
FN:30,(anonymous_2)
FN:34,SingleLinkedList
FN:42,(anonymous_4)
FN:49,(anonymous_5)
FN:63,(anonymous_6)
FN:70,(anonymous_7)
FN:77,(anonymous_8)
FN:96,(anonymous_9)
FN:125,(anonymous_10)
FN:142,(anonymous_11)
FN:168,(anonymous_12)
FN:176,(anonymous_13)
FNF:14
FNH:14
FNDA:1,(anonymous_0)
FNDA:19,Node
FNDA:1,(anonymous_2)
FNDA:9,SingleLinkedList
FNDA:5,(anonymous_4)
FNDA:2,(anonymous_5)
FNDA:1,(anonymous_6)
FNDA:1,(anonymous_7)
FNDA:17,(anonymous_8)
FNDA:3,(anonymous_9)
FNDA:5,(anonymous_10)
FNDA:5,(anonymous_11)
FNDA:2,(anonymous_12)
FNDA:1,(anonymous_13)
DA:21,1
DA:25,19
DA:26,19
DA:28,1
DA:30,1
DA:35,9
DA:36,9
DA:42,1
DA:43,5
DA:49,1
DA:50,2
DA:51,2
DA:53,5
DA:54,5
DA:56,2
DA:57,2
DA:63,1
DA:64,1
DA:70,1
DA:71,1
DA:77,1
DA:78,17
DA:81,8
DA:84,9
DA:86,3
DA:88,9
DA:90,17
DA:96,1
DA:98,2
DA:99,2
DA:100,2
DA:101,2
DA:104,1
DA:105,1
DA:109,1
DA:110,1
DA:111,1
DA:113,1
DA:114,1
DA:116,2
DA:117,2
DA:119,1
DA:125,1
DA:126,5
DA:127,5
DA:131,3
DA:133,4
DA:134,4
DA:136,2
DA:142,1
DA:144,3
DA:146,2
DA:149,1
DA:150,1
DA:153,1
DA:154,1
DA:155,1
DA:157,1
DA:159,3
DA:160,3
DA:162,2
DA:168,1
DA:169,2
DA:170,2
DA:176,1
DA:177,1
DA:178,1
DA:179,1
DA:182,3
DA:183,3
DA:184,3
DA:185,3
DA:187,1
DA:188,1
DA:190,1
LF:75
LH:75
BRDA:97,0,0,3
BRDA:97,0,1,3
BRDA:143,1,0,5
BRDA:143,1,1,3
BRF:4
BRH:4
end_of_record
